<?xml version="1.0" encoding="UTF-8"?>
<!-- Generated by org.testng.reporters.JUnitReportReporter -->
<testsuite hostname="LAPTOP-RH55RME4" failures="0" tests="7" name="com.qa.OpenCart.TestCases.TC_Register" time="25.049" errors="1" timestamp="2023-11-21T11:39:39 IST" skipped="0">
  <testcase classname="com.qa.OpenCart.TestCases.TC_Register" name="register" time="4.229"/>
  <testcase classname="com.qa.OpenCart.TestCases.TC_Register" name="register" time="3.838"/>
  <testcase classname="com.qa.OpenCart.TestCases.TC_Register" name="register" time="4.018"/>
  <testcase classname="com.qa.OpenCart.TestCases.TC_Register" name="register" time="4.410"/>
  <testcase classname="com.qa.OpenCart.TestCases.TC_Register" name="register" time="4.103"/>
  <testcase classname="com.qa.OpenCart.TestCases.TC_Register" name="generateReports" time="0.385">
    <error message="Failed to open file:/C:/Users/tubby/eclipse-workspace/OpenCart/./ExtentReports/TestReport21112023113908.html. Error message: The system cannot find the file specified.
" type="java.io.IOException">
      <![CDATA[java.io.IOException: Failed to open file:/C:/Users/tubby/eclipse-workspace/OpenCart/./ExtentReports/TestReport21112023113908.html. Error message: The system cannot find the file specified.

at java.desktop/sun.awt.windows.WDesktopPeer.ShellExecute(WDesktopPeer.java:115)
at java.desktop/sun.awt.windows.WDesktopPeer.browse(WDesktopPeer.java:101)
at java.desktop/java.awt.Desktop.browse(Desktop.java:533)
at com.qa.OpenCart.base.TestBase.generateReports(TestBase.java:125)
at java.base/jdk.internal.reflect.DirectMethodHandleAccessor.invoke(DirectMethodHandleAccessor.java:104)
at java.base/java.lang.reflect.Method.invoke(Method.java:578)
at org.testng.internal.invokers.MethodInvocationHelper.invokeMethod(MethodInvocationHelper.java:139)
at org.testng.internal.invokers.MethodInvocationHelper.invokeMethodConsideringTimeout(MethodInvocationHelper.java:69)
at org.testng.internal.invokers.ConfigInvoker.invokeConfigurationMethod(ConfigInvoker.java:390)
at org.testng.internal.invokers.ConfigInvoker.invokeConfigurations(ConfigInvoker.java:325)
at org.testng.SuiteRunner.privateRun(SuiteRunner.java:410)
at org.testng.SuiteRunner.run(SuiteRunner.java:336)
at org.testng.SuiteRunnerWorker.runSuite(SuiteRunnerWorker.java:52)
at org.testng.SuiteRunnerWorker.run(SuiteRunnerWorker.java:95)
at org.testng.TestNG.runSuitesSequentially(TestNG.java:1280)
at org.testng.TestNG.runSuitesLocally(TestNG.java:1200)
at org.testng.TestNG.runSuites(TestNG.java:1114)
at org.testng.TestNG.run(TestNG.java:1082)
at org.testng.remote.AbstractRemoteTestNG.run(AbstractRemoteTestNG.java:115)
at org.testng.remote.RemoteTestNG.initAndRun(RemoteTestNG.java:251)
at org.testng.remote.RemoteTestNG.main(RemoteTestNG.java:77)
]]>
    </error>
  </testcase> <!-- generateReports -->
  <testcase classname="com.qa.OpenCart.TestCases.TC_Register" name="register" time="4.066"/>
</testsuite> <!-- com.qa.OpenCart.TestCases.TC_Register -->
